Build started 29/04/2017 11:49:00 a.m..
     1>Project "c:\Users\Alumnos\documents\visual studio 2010\Projects\algoritmos}\algoritmos}\algoritmos}.vcxproj" on node 2 (build target(s)).
     1>InitializeBuildStatus:
         Creating "Debug\algoritmos.unsuccessfulbuild" because "AlwaysCreate" was specified.
       ClCompile:
         C:\Program Files (x86)\Microsoft Visual Studio 10.0\VC\bin\CL.exe /c /ZI /nologo /W3 /WX- /Od /Oy- /D _MBCS /Gm /EHsc /RTC1 /MDd /GS /fp:precise /Zc:wchar_t /Zc:forScope /Fo"Debug\\" /Fd"Debug\vc100.pdb" /Gd /TP /analyze- /errorReport:prompt Principal.cpp
         Principal.cpp
     1>c:\users\alumnos\documents\visual studio 2010\projects\algoritmos}\algoritmos}\avion.h(17): warning C4996: 'fopen': This function or variable may be unsafe. Consider using fopen_s instead. To disable deprecation, use _CRT_SECURE_NO_WARNINGS. See online help for details.
                 c:\program files (x86)\microsoft visual studio 10.0\vc\include\stdio.h(234) : see declaration of 'fopen'
     1>c:\users\alumnos\documents\visual studio 2010\projects\algoritmos}\algoritmos}\avion.h(27): warning C4996: 'fopen': This function or variable may be unsafe. Consider using fopen_s instead. To disable deprecation, use _CRT_SECURE_NO_WARNINGS. See online help for details.
                 c:\program files (x86)\microsoft visual studio 10.0\vc\include\stdio.h(234) : see declaration of 'fopen'
     1>c:\users\alumnos\documents\visual studio 2010\projects\algoritmos}\algoritmos}\avion.h(37): warning C4996: 'fopen': This function or variable may be unsafe. Consider using fopen_s instead. To disable deprecation, use _CRT_SECURE_NO_WARNINGS. See online help for details.
                 c:\program files (x86)\microsoft visual studio 10.0\vc\include\stdio.h(234) : see declaration of 'fopen'
     1>c:\users\alumnos\documents\visual studio 2010\projects\algoritmos}\algoritmos}\principal.cpp(9): warning C4101: 'a' : unreferenced local variable
     1>c:\users\alumnos\documents\visual studio 2010\projects\algoritmos}\algoritmos}\avion.h(23): warning C4715: 'cantidadRegistros' : not all control paths return a value
       Link:
         C:\Program Files (x86)\Microsoft Visual Studio 10.0\VC\bin\link.exe /ERRORREPORT:PROMPT /OUT:"c:\users\alumnos\documents\visual studio 2010\Projects\algoritmos}\Debug\algoritmos.exe" /NOLOGO kernel32.lib user32.lib gdi32.lib winspool.lib comdlg32.lib advapi32.lib shell32.lib ole32.lib oleaut32.lib uuid.lib odbc32.lib odbccp32.lib /MANIFEST /ManifestFile:"Debug\algoritmos.exe.intermediate.manifest" /MANIFESTUAC:"level='asInvoker' uiAccess='false'" /DEBUG /PDB:"c:\users\alumnos\documents\visual studio 2010\Projects\algoritmos}\Debug\algoritmos.pdb" /TLBID:1 /DYNAMICBASE /NXCOMPAT /IMPLIB:"c:\users\alumnos\documents\visual studio 2010\Projects\algoritmos}\Debug\algoritmos.lib" /MACHINE:X86 Debug\Principal.obj
         LINK : c:\users\alumnos\documents\visual studio 2010\Projects\algoritmos}\Debug\algoritmos.exe not found or not built by the last incremental link; performing full link
         algoritmos}.vcxproj -> c:\users\alumnos\documents\visual studio 2010\Projects\algoritmos}\Debug\algoritmos.exe
       Manifest:
         C:\Program Files (x86)\Microsoft SDKs\Windows\v7.0A\bin\mt.exe /nologo /verbose /outputresource:"c:\users\alumnos\documents\visual studio 2010\Projects\algoritmos}\Debug\algoritmos.exe;#1" /manifest Debug\algoritmos.exe.intermediate.manifest
       FinalizeBuildStatus:
         Deleting file "Debug\algoritmos.unsuccessfulbuild".
         Touching "Debug\algoritmos.lastbuildstate".
     1>Done Building Project "c:\Users\Alumnos\documents\visual studio 2010\Projects\algoritmos}\algoritmos}\algoritmos}.vcxproj" (build target(s)).

Build succeeded.

Time Elapsed 00:00:01.21
